<?xml version="1.0" encoding="UTF-8"?>
<coverage line-rate="1" branch-rate="0" lines-covered="4" lines-valid="4" branches-covered="0" branches-valid="0" complexity="0" version="3.5.1" timestamp="1960-01-01 00:00:00">
  <sources/>
  <packages>
    <package name="NULL" line-rate="1" branch-rate="0" complexity="0">
      <classes>
        <class name="proto.R" filename="packages/exampleD/R/proto.R" line-rate="1" branch-rate="0" complexity="0">
          <methods>
            <method name="proto" signature="" line-rate="1" branch-rate="0">
              <lines>
                <line number="16" hits="1" branch="false"/>
                <line number="17" hits="1" branch="false"/>
                <line number="18" hits="1" branch="false"/>
                <line number="19" hits="1" branch="false"/>
              </lines>
            </method>
          </methods>
          <lines>
            <line number="16" hits="1" branch="false"/>
            <line number="17" hits="1" branch="false"/>
            <line number="18" hits="1" branch="false"/>
            <line number="19" hits="1" branch="false"/>
          </lines>
        </class>
      </classes>
    </package>
  </packages>
</coverage>
