<?xml version="1.0" encoding="UTF-8"?>
<!DOCTYPE coverage SYSTEM "https://raw.githubusercontent.com/cobertura/cobertura/master/cobertura/src/site/htdocs/xml/coverage-04.dtd">
<coverage line-rate="1" branch-rate="0" lines-covered="19" lines-valid="19" branches-covered="0" branches-valid="0" complexity="0" version="3.6.4" timestamp="1960-01-01 00:00:00">
  <sources/>
  <packages>
    <package name="NULL" line-rate="1" branch-rate="0" complexity="0">
      <classes>
        <class name="fn.R" filename="packages/exampleC/R/fn.R" line-rate="1" branch-rate="0" complexity="0">
          <methods>
            <method name="exampleC" signature="" line-rate="1" branch-rate="0" complexity="0">
              <lines>
                <line number="16" hits="1" branch="false"/>
              </lines>
            </method>
          </methods>
          <lines>
            <line number="16" hits="1" branch="false"/>
          </lines>
        </class>
        <class name="rcpp.R" filename="packages/exampleC/R/rcpp.R" line-rate="1" branch-rate="0" complexity="0">
          <methods>
            <method name="rcppHello" signature="" line-rate="1" branch-rate="0" complexity="0">
              <lines>
                <line number="16" hits="2" branch="false"/>
              </lines>
            </method>
            <method name="rcppHelloWrapped" signature="" line-rate="1" branch-rate="0" complexity="0">
              <lines>
                <line number="20" hits="2" branch="false"/>
              </lines>
            </method>
          </methods>
          <lines>
            <line number="16" hits="2" branch="false"/>
            <line number="20" hits="2" branch="false"/>
          </lines>
        </class>
        <class name="fn.c" filename="packages/exampleC/src/fn.c" line-rate="1" branch-rate="0" complexity="0">
          <methods/>
          <lines>
            <line number="25" hits="1" branch="false"/>
            <line number="26" hits="1" branch="false"/>
            <line number="28" hits="1" branch="false"/>
            <line number="30" hits="1" branch="false"/>
            <line number="31" hits="1" branch="false"/>
            <line number="33" hits="1" branch="false"/>
            <line number="34" hits="2" branch="false"/>
            <line number="35" hits="1" branch="false"/>
          </lines>
        </class>
        <class name="fn.h" filename="packages/exampleC/src/fn.h" line-rate="1" branch-rate="0" complexity="0">
          <methods/>
          <lines>
            <line number="22" hits="1" branch="false"/>
          </lines>
        </class>
        <class name="lib.h" filename="packages/exampleC/src/lib.h" line-rate="1" branch-rate="0" complexity="0">
          <methods/>
          <lines>
            <line number="19" hits="1" branch="false"/>
          </lines>
        </class>
        <class name="rcpp.cc" filename="packages/exampleC/src/rcpp.cc" line-rate="1" branch-rate="0" complexity="0">
          <methods/>
          <lines>
            <line number="21" hits="2" branch="false"/>
            <line number="22" hits="2" branch="false"/>
            <line number="23" hits="2" branch="false"/>
            <line number="24" hits="2" branch="false"/>
            <line number="25" hits="2" branch="false"/>
            <line number="32" hits="2" branch="false"/>
          </lines>
        </class>
      </classes>
    </package>
  </packages>
</coverage>
