<?xml version="1.0" encoding="UTF-8"?>
<coverage line-rate="0.923076923076923" branch-rate="0" version="3.1.0" timestamp="1960-01-01 00:00:00">
  <sources>
    <source>exampleC/R/fn.R</source>
    <source>exampleC/R/proto.R</source>
    <source>exampleC/src/fn.c</source>
    <source>exampleC/src/fn.h</source>
    <source>exampleC/src/lib/getCharacter.c</source>
  </sources>
  <packages>
    <package name="NULL" line-rate="0.923076923076923" branch-rate="0" complexity="0">
      <classes>
        <class name="fn.R" filename="exampleC/R/fn.R" line-rate="1" branch-rate="0" complexity="0">
          <methods>
            <method name="exampleC" signature="NA" line-rate="1" branch-rate="0">
              <lines>
                <line number="16" hits="1" branch="false"/>
              </lines>
            </method>
          </methods>
          <lines>
            <line number="16" hits="1" branch="false"/>
          </lines>
        </class>
        <class name="proto.R" filename="exampleC/R/proto.R" line-rate="1" branch-rate="0" complexity="0">
          <methods>
            <method name="proto" signature="NA" line-rate="1" branch-rate="0">
              <lines>
                <line number="16" hits="2" branch="false"/>
                <line number="17" hits="2" branch="false"/>
                <line number="18" hits="2" branch="false"/>
                <line number="19" hits="2" branch="false"/>
              </lines>
            </method>
          </methods>
          <lines>
            <line number="16" hits="2" branch="false"/>
            <line number="17" hits="2" branch="false"/>
            <line number="18" hits="2" branch="false"/>
            <line number="19" hits="2" branch="false"/>
          </lines>
        </class>
        <class name="fn.c" filename="exampleC/src/fn.c" line-rate="1" branch-rate="0" complexity="0">
          <methods>
            <method name="NA" signature="NA" line-rate="NA" branch-rate="0">
              <lines/>
            </method>
          </methods>
          <lines>
            <line number="24" hits="1" branch="false"/>
            <line number="25" hits="1" branch="false"/>
            <line number="27" hits="1" branch="false"/>
            <line number="28" hits="1" branch="false"/>
            <line number="30" hits="1" branch="false"/>
            <line number="31" hits="1" branch="false"/>
          </lines>
        </class>
        <class name="fn.h" filename="exampleC/src/fn.h" line-rate="1" branch-rate="0" complexity="0">
          <methods>
            <method name="NA" signature="NA" line-rate="NA" branch-rate="0">
              <lines/>
            </method>
          </methods>
          <lines>
            <line number="22" hits="1" branch="false"/>
          </lines>
        </class>
        <class name="getCharacter.c" filename="exampleC/src/lib/getCharacter.c" line-rate="0" branch-rate="0" complexity="0">
          <methods>
            <method name="NA" signature="NA" line-rate="NA" branch-rate="0">
              <lines/>
            </method>
          </methods>
          <lines>
            <line number="17" hits="0" branch="false"/>
          </lines>
        </class>
      </classes>
    </package>
  </packages>
</coverage>
