<?xml version="1.0" encoding="UTF-8"?>
<coverage line-rate="1" branch-rate="0" lines-covered="1" lines-valid="1" branches-covered="0" branches-valid="0" complexity="0" version="3.5.1" timestamp="1960-01-01 00:00:00">
  <sources/>
  <packages>
    <package name="NULL" line-rate="1" branch-rate="0" complexity="0">
      <classes>
        <class name="fn.R" filename="external/workspaceroot/R/fn.R" line-rate="1" branch-rate="0" complexity="0">
          <methods>
            <method name="hello" signature="" line-rate="1" branch-rate="0">
              <lines>
                <line number="16" hits="1" branch="false"/>
              </lines>
            </method>
          </methods>
          <lines>
            <line number="16" hits="1" branch="false"/>
          </lines>
        </class>
      </classes>
    </package>
  </packages>
</coverage>
